warning: Git tree '/home/maz/.config/nixos' is dirty
building the system configuration...
warning: Git tree '/home/maz/.config/nixos' is dirty
these 19 derivations will be built:
  /nix/store/dkzp8s517lxp4w1acdhy2cbf0d4pgz2g-unit-pipewire.socket-disabled.drv
  /nix/store/k4czagd7my0xmji3xzjf2l1f37c40r76-unit-wireplumber.service-disabled.drv
  /nix/store/mvh34vrwx69zl068sj3c52s7b15x3sws-unit-console-getty.service-disabled.drv
  /nix/store/nbwqx7kd9v2zbrf15bvlrb7fhlqsi5q3-unit-pipewire.service-disabled.drv
  /nix/store/zicbsqvvxl1yrmas20f8w3pq692gvh11-unit-display-manager.service-disabled.drv
  /nix/store/3xfpfvb71q94wzlzrsb8larqh0rxzja0-activation-script.drv
  /nix/store/45vwa9hlcchqwrhdmi9rcy0k5wn1id9l-hm_.configzsh.zshenv.drv
  /nix/store/x61ldq1c0yq4qm3a2i0jwk7ai3wj6jnj-home-manager-files.drv
  /nix/store/db4gj8g93d3gj7z3sff0yd11l1agafdz-home-manager-generation.drv
  /nix/store/znafrqaxlznnwwfn54rgjn5r28pqild5-unit-home-manager-maz.service.drv
  /nix/store/xr77jz5b66vxcn51f5c6j3nv599qzfp5-system-units.drv
  /nix/store/08q81cp9p4b5fbiv8bksglsy8wn7mdvb-etc.drv
  /nix/store/albqskb682mjvi9ic0nvqkycymqy2v2x-stage-2-init.sh.drv
  /nix/store/lc5hi927lncyj8rvysq26lz78mb7py8s-check-sshd-config.drv
  /nix/store/q5pl40ss56jjn5xqpjn1r45vza2ckv97-boot.json.drv
  /nix/store/qi89azggha6jm4s409nf5a7vz9njl8cv-ensure-all-wrappers-paths-exist.drv
  /nix/store/nhwks0ycnpqfq1hsrx3h2d7n2c53adsa-builder.pl.drv
  /nix/store/qmanb5dn2ijzihylwgp27grdvrn055h6-perl-5.38.2-env.drv
  /nix/store/jhpkdi7glsqpiqych5whv7yhjqwbq246-nixos-system-maz-pc-24.11.20241004.bc947f5.drv
these 13 paths will be fetched (0.81 MiB download, 10.43 MiB unpacked):
  /nix/store/iikr92l13x5n7gj5ahgj7h3fmdkkv7ga-die-hook
  /nix/store/fv56zpi80jpakbfmv16r60xvyqwzff6r-file-5.45
  /nix/store/q6x5ag0rns4swggcyvcgd1x5i488ws6c-gnu-config-2024-01-01
  /nix/store/axrdky652lsmif6m5i8b55q91v4ly4gy-gnumake-4.4.1
  /nix/store/81fkwj8k1pgv84n50jsa5c78828077ii-lndir-1.0.5
  /nix/store/l72213r83g4jjz4i42pjil0nkzldnipp-make-binary-wrapper-hook
  /nix/store/6g14aq10nl8nwqc9d8sd7ssbyk6h0gyf-make-shell-wrapper-hook
  /nix/store/k97fic16vmpf9z6vjx5dgd6rxcvv5wwh-patchelf-0.15.0
  /nix/store/wfhxhp725x748yi7fafjkzlpd52zj7s8-perl5.38.2-Config-IniFiles-3.000003
  /nix/store/f88gs97hdi9j9ppq8la8sc1rlj96a5sk-perl5.38.2-IO-Stringy-2.113
  /nix/store/9ip31vbkgg0lp4rx042svlllv3945nxq-stdenv-linux
  /nix/store/9l3havpzc3w1xggd19l5c395az4yh449-update-autotools-gnu-config-scripts-hook
  /nix/store/lqb8wf2yk0z4pyinllckgp97m17xkmjh-xkb-validated
copying path '/nix/store/lqb8wf2yk0z4pyinllckgp97m17xkmjh-xkb-validated' from 'https://cache.nixos.org'...
copying path '/nix/store/iikr92l13x5n7gj5ahgj7h3fmdkkv7ga-die-hook' from 'https://cache.nixos.org'...
copying path '/nix/store/f88gs97hdi9j9ppq8la8sc1rlj96a5sk-perl5.38.2-IO-Stringy-2.113' from 'https://cache.nixos.org'...
copying path '/nix/store/q6x5ag0rns4swggcyvcgd1x5i488ws6c-gnu-config-2024-01-01' from 'https://cache.nixos.org'...
copying path '/nix/store/fv56zpi80jpakbfmv16r60xvyqwzff6r-file-5.45' from 'https://cache.nixos.org'...
copying path '/nix/store/axrdky652lsmif6m5i8b55q91v4ly4gy-gnumake-4.4.1' from 'https://cache.nixos.org'...
copying path '/nix/store/k97fic16vmpf9z6vjx5dgd6rxcvv5wwh-patchelf-0.15.0' from 'https://cache.nixos.org'...
copying path '/nix/store/81fkwj8k1pgv84n50jsa5c78828077ii-lndir-1.0.5' from 'https://cache.nixos.org'...
copying path '/nix/store/l72213r83g4jjz4i42pjil0nkzldnipp-make-binary-wrapper-hook' from 'https://cache.nixos.org'...
copying path '/nix/store/6g14aq10nl8nwqc9d8sd7ssbyk6h0gyf-make-shell-wrapper-hook' from 'https://cache.nixos.org'...
copying path '/nix/store/wfhxhp725x748yi7fafjkzlpd52zj7s8-perl5.38.2-Config-IniFiles-3.000003' from 'https://cache.nixos.org'...
copying path '/nix/store/9l3havpzc3w1xggd19l5c395az4yh449-update-autotools-gnu-config-scripts-hook' from 'https://cache.nixos.org'...
copying path '/nix/store/9ip31vbkgg0lp4rx042svlllv3945nxq-stdenv-linux' from 'https://cache.nixos.org'...
building '/nix/store/3xfpfvb71q94wzlzrsb8larqh0rxzja0-activation-script.drv'...
building '/nix/store/q5pl40ss56jjn5xqpjn1r45vza2ckv97-boot.json.drv'...
building '/nix/store/nhwks0ycnpqfq1hsrx3h2d7n2c53adsa-builder.pl.drv'...
building '/nix/store/lc5hi927lncyj8rvysq26lz78mb7py8s-check-sshd-config.drv'...
building '/nix/store/qi89azggha6jm4s409nf5a7vz9njl8cv-ensure-all-wrappers-paths-exist.drv'...
building '/nix/store/45vwa9hlcchqwrhdmi9rcy0k5wn1id9l-hm_.configzsh.zshenv.drv'...
building '/nix/store/albqskb682mjvi9ic0nvqkycymqy2v2x-stage-2-init.sh.drv'...
building '/nix/store/mvh34vrwx69zl068sj3c52s7b15x3sws-unit-console-getty.service-disabled.drv'...
building '/nix/store/zicbsqvvxl1yrmas20f8w3pq692gvh11-unit-display-manager.service-disabled.drv'...
building '/nix/store/nbwqx7kd9v2zbrf15bvlrb7fhlqsi5q3-unit-pipewire.service-disabled.drv'...
building '/nix/store/dkzp8s517lxp4w1acdhy2cbf0d4pgz2g-unit-pipewire.socket-disabled.drv'...
building '/nix/store/k4czagd7my0xmji3xzjf2l1f37c40r76-unit-wireplumber.service-disabled.drv'...
building '/nix/store/x61ldq1c0yq4qm3a2i0jwk7ai3wj6jnj-home-manager-files.drv'...
building '/nix/store/qmanb5dn2ijzihylwgp27grdvrn055h6-perl-5.38.2-env.drv'...
building '/nix/store/db4gj8g93d3gj7z3sff0yd11l1agafdz-home-manager-generation.drv'...
building '/nix/store/znafrqaxlznnwwfn54rgjn5r28pqild5-unit-home-manager-maz.service.drv'...
building '/nix/store/xr77jz5b66vxcn51f5c6j3nv599qzfp5-system-units.drv'...
building '/nix/store/08q81cp9p4b5fbiv8bksglsy8wn7mdvb-etc.drv'...
building '/nix/store/jhpkdi7glsqpiqych5whv7yhjqwbq246-nixos-system-maz-pc-24.11.20241004.bc947f5.drv'...
activating the configuration...
setting up /etc...
reloading user units for maz...
restarting sysinit-reactivation.target
restarting the following units: home-manager-maz.service
warning: Git tree '/home/maz/.config/nixos' is dirty
building the system configuration...
warning: Git tree '/home/maz/.config/nixos' is dirty
activating the configuration...
setting up /etc...
reloading user units for maz...
restarting sysinit-reactivation.target
warning: Git tree '/home/maz/.config/nixos' is dirty
building the system configuration...
warning: Git tree '/home/maz/.config/nixos' is dirty
activating the configuration...
setting up /etc...
reloading user units for maz...
restarting sysinit-reactivation.target
warning: Git tree '/home/maz/.config/nixos' is dirty
building the system configuration...
warning: Git tree '/home/maz/.config/nixos' is dirty
activating the configuration...
setting up /etc...
reloading user units for maz...
restarting sysinit-reactivation.target
